2025-08-12 19:54:17,077 INFO u.LoginTest [main] Username and password fetched from cconfig. property file
2025-08-12 19:54:19,079 INFO u.LoginTest [main] Assertion might have failed
2025-08-12 22:46:31,756 INFO p.LoginPage [main] Login actions Sucessfull
2025-08-12 22:46:31,786 INFO u.LoginTest [main] Username and password fetched from cconfig. property file
2025-08-12 22:46:33,702 INFO u.LoginTest [main] Assertion might have failed
2025-08-12 22:46:43,348 INFO p.LoginPage [main] Login actions Sucessfull
2025-08-12 22:46:48,176 INFO p.EmployeePage [main] TEst
2025-08-12 22:47:05,975 INFO p.LoginPage [main] Login actions Sucessfull
2025-08-12 22:47:05,980 INFO e.EmployeeE2ETest [main] Browser Logged in
2025-08-12 22:47:11,799 INFO p.EmployeePage [main] TEst
2025-08-14 17:32:25,687 INFO p.LoginPage [main] Login actions Sucessfull
2025-08-14 17:32:25,695 INFO u.LoginTest [main] Username and password fetched from cconfig. property file
2025-08-14 17:32:26,301 INFO u.LoginTest [main] Assertion might have failed
2025-08-14 17:32:33,119 INFO p.LoginPage [main] Login actions Sucessfull
2025-08-14 17:32:37,547 INFO p.EmployeePage [main] Test
2025-08-14 17:32:51,896 INFO p.LoginPage [main] Login actions Sucessfull
2025-08-14 17:32:51,900 INFO e.EmployeeE2ETest [main] Browser Logged in
2025-08-14 17:32:55,371 INFO p.EmployeePage [main] Test
2025-08-14 18:03:35,607 INFO p.LoginPage [main] Login actions Sucessfull
2025-08-14 18:03:38,676 INFO p.EmployeePage [main] Test
2025-08-14 18:04:37,331 INFO p.LoginPage [main] Login actions Sucessfull
2025-08-14 18:04:41,889 INFO p.EmployeePage [main] Test
2025-08-14 18:06:38,377 INFO p.LoginPage [main] Login actions Sucessfull
2025-08-14 18:06:42,929 INFO p.EmployeePage [main] Test
2025-08-14 18:09:26,720 INFO p.LoginPage [main] Login actions Sucessfull
2025-08-14 18:09:31,185 INFO p.EmployeePage [main] Test
2025-08-14 18:09:32,195 INFO p.EmployeePage [main] Employee Added
2025-08-14 18:11:01,962 INFO p.LoginPage [main] Login actions Sucessfull
2025-08-14 18:11:07,353 INFO p.EmployeePage [main] Test
2025-08-14 18:11:08,245 INFO p.EmployeePage [main] Employee Added
2025-08-14 18:11:08,245 INFO u.Selftest [main] Before wait
2025-08-14 18:14:03,835 INFO p.LoginPage [main] Login actions Sucessfull
2025-08-14 18:14:08,678 INFO p.EmployeePage [main] Test
2025-08-14 18:14:09,649 INFO p.EmployeePage [main] Employee Added
2025-08-14 18:14:12,657 INFO p.EmployeePage [main] Before PIM menu
2025-08-14 18:14:13,930 INFO p.EmployeePage [main] After PIM menu
2025-08-14 18:23:22,131 INFO p.LoginPage [main] Login actions Sucessfull
2025-08-14 18:23:26,499 INFO p.EmployeePage [main] Test
2025-08-14 18:23:27,427 INFO p.EmployeePage [main] Employee Added
2025-08-14 18:23:30,435 INFO p.EmployeePage [main] Before PIM menu
2025-08-14 18:23:31,673 INFO p.EmployeePage [main] After PIM menu
2025-08-14 18:27:50,047 INFO p.LoginPage [main] Login actions Sucessfull
2025-08-14 18:27:54,847 INFO p.EmployeePage [main] Test
2025-08-14 18:27:55,838 INFO p.EmployeePage [main] Employee Added
2025-08-14 18:27:58,852 INFO p.EmployeePage [main] Before PIM menu
2025-08-14 18:28:00,026 INFO p.EmployeePage [main] After PIM menu
2025-08-14 18:52:57,338 INFO p.LoginPage [main] Login actions Sucessfull
2025-08-14 18:53:01,920 INFO p.EmployeePage [main] Test
2025-08-14 18:53:03,070 INFO p.EmployeePage [main] Employee Added
2025-08-14 18:53:06,079 INFO p.EmployeePage [main] Before PIM menu
2025-08-14 18:53:07,302 INFO p.EmployeePage [main] After PIM menu
2025-08-14 19:17:33,733 INFO p.LoginPage [main] Login actions Sucessfull
2025-08-14 19:17:38,783 INFO p.EmployeePage [main] Test
2025-08-14 19:17:40,056 INFO p.EmployeePage [main] Employee Added
2025-08-14 19:17:43,068 INFO p.EmployeePage [main] Before PIM menu
2025-08-14 19:17:44,294 INFO p.EmployeePage [main] After PIM menu
2025-08-18 14:43:43,284 INFO p.LoginPage [main] Login actions Sucessfull
2025-08-18 16:25:35,808 INFO p.LoginPage [main] Login actions Sucessfull
2025-08-18 16:25:41,114 INFO p.EmployeePage [main] Test
2025-08-18 16:25:42,084 INFO p.EmployeePage [main] Employee Added
2025-08-18 16:25:45,105 INFO p.EmployeePage [main] Before PIM menu
2025-08-18 16:25:46,283 INFO p.EmployeePage [main] After PIM menu
2025-08-18 16:26:54,389 INFO p.LoginPage [main] Login actions Sucessfull
2025-08-18 16:26:58,393 INFO p.EmployeePage [main] Test
2025-08-18 16:26:59,262 INFO p.EmployeePage [main] Employee Added
2025-08-18 16:27:02,287 INFO p.EmployeePage [main] Before PIM menu
2025-08-18 16:27:03,439 INFO p.EmployeePage [main] After PIM menu
2025-08-18 16:28:57,071 INFO p.LoginPage [main] Login actions Sucessfull
2025-08-18 16:29:00,961 INFO p.EmployeePage [main] Test
2025-08-18 16:29:01,995 INFO p.EmployeePage [main] Employee Added
2025-08-18 16:29:05,006 INFO p.EmployeePage [main] Before PIM menu
2025-08-18 16:29:06,302 INFO p.EmployeePage [main] After PIM menu
2025-08-18 16:32:15,846 INFO p.LoginPage [main] Login actions Sucessfull
2025-08-18 16:32:19,761 INFO p.EmployeePage [main] Test
2025-08-18 16:32:20,918 INFO p.EmployeePage [main] Employee Added
2025-08-18 16:32:23,932 INFO p.EmployeePage [main] Before PIM menu
2025-08-18 16:32:25,196 INFO p.EmployeePage [main] After PIM menu
2025-08-18 16:34:12,716 INFO p.LoginPage [main] Login actions Sucessfull
2025-08-18 16:34:17,044 INFO p.EmployeePage [main] Test
2025-08-18 16:34:18,233 INFO p.EmployeePage [main] Employee Added
2025-08-18 16:34:21,250 INFO p.EmployeePage [main] Before PIM menu
2025-08-18 16:34:22,460 INFO p.EmployeePage [main] After PIM menu
2025-08-18 16:45:24,130 INFO p.LoginPage [main] Login actions Sucessfull
2025-08-18 16:45:28,205 INFO p.EmployeePage [main] Test
2025-08-18 16:45:29,085 INFO p.EmployeePage [main] Employee Added
2025-08-18 16:45:32,101 INFO p.EmployeePage [main] Before PIM menu
2025-08-18 16:45:34,864 INFO p.EmployeePage [main] After PIM menu
2025-08-18 16:45:38,528 INFO p.EmployeePage [main] Is displayed ?
2025-08-18 16:45:41,705 INFO p.EmployeePage [main] Is namedrop click ?
2025-08-18 16:45:47,862 INFO p.EmployeePage [main] Search Click
2025-08-18 16:54:38,487 INFO p.LoginPage [main] Login actions Sucessfull
2025-08-18 16:54:42,558 INFO p.EmployeePage [main] Test
2025-08-18 16:54:43,463 INFO p.EmployeePage [main] Employee Added
2025-08-18 16:54:46,472 INFO p.EmployeePage [main] Before PIM menu
2025-08-18 16:54:49,170 INFO p.EmployeePage [main] After PIM menu
2025-08-18 16:54:52,236 INFO p.EmployeePage [main] Is displayed ?
2025-08-18 16:54:55,363 INFO p.EmployeePage [main] Is namedrop click ?
2025-08-18 16:55:01,514 INFO p.EmployeePage [main] Search Click
2025-08-18 17:26:34,697 INFO p.LoginPage [main] Login actions Sucessfull
2025-08-18 17:26:39,371 INFO p.EmployeePage [main] Test
2025-08-18 17:26:40,453 INFO p.EmployeePage [main] Employee Added
2025-08-18 17:26:43,463 INFO p.EmployeePage [main] Before PIM menu
2025-08-18 17:26:46,791 INFO p.EmployeePage [main] After PIM menu
2025-08-18 17:26:49,878 INFO p.EmployeePage [main] Is displayed ?
2025-08-18 17:26:53,003 INFO p.EmployeePage [main] Is namedrop click ?
2025-08-18 17:26:59,183 INFO p.EmployeePage [main] Search Click
2025-08-18 17:31:45,453 INFO p.LoginPage [main] Login actions Sucessfull
2025-08-18 17:31:50,505 INFO p.EmployeePage [main] Test
2025-08-18 17:31:51,537 INFO p.EmployeePage [main] Employee Added
2025-08-18 17:31:54,556 INFO p.EmployeePage [main] Before PIM menu
2025-08-18 17:31:57,590 INFO p.EmployeePage [main] After PIM menu
2025-08-18 17:33:22,559 INFO p.LoginPage [main] Login actions Sucessfull
2025-08-18 17:33:27,331 INFO p.EmployeePage [main] Test
2025-08-18 17:33:28,309 INFO p.EmployeePage [main] Employee Added
2025-08-18 17:33:31,331 INFO p.EmployeePage [main] Before PIM menu
2025-08-18 17:33:34,687 INFO p.EmployeePage [main] After PIM menu
2025-08-18 17:33:37,864 INFO p.EmployeePage [main] Is displayed ?
2025-08-18 17:35:18,540 INFO p.LoginPage [main] Login actions Sucessfull
2025-08-18 17:35:23,287 INFO p.EmployeePage [main] Test
2025-08-18 17:35:24,373 INFO p.EmployeePage [main] Employee Added
2025-08-18 17:35:27,387 INFO p.EmployeePage [main] Before PIM menu
2025-08-18 17:35:31,027 INFO p.EmployeePage [main] After PIM menu
2025-08-18 17:35:34,353 INFO p.EmployeePage [main] Is displayed ?
2025-08-18 17:35:40,547 INFO p.EmployeePage [main] Search Click
2025-08-18 22:45:49,498 INFO p.LoginPage [main] Login actions Sucessfull
2025-08-18 22:45:54,393 INFO p.EmployeePage [main] Test
2025-08-18 22:45:55,429 INFO p.EmployeePage [main] Employee Added
2025-08-18 22:45:58,453 INFO p.EmployeePage [main] Before PIM menu
2025-08-18 22:46:01,913 INFO p.EmployeePage [main] After PIM menu
2025-08-18 22:46:05,197 INFO p.EmployeePage [main] Is displayed ?
2025-08-18 22:46:11,498 INFO p.EmployeePage [main] Search Click
2025-08-18 22:58:52,392 INFO p.LoginPage [main] Login actions Sucessfull
2025-08-18 22:58:57,313 INFO p.EmployeePage [main] Test
2025-08-18 22:58:58,418 INFO p.EmployeePage [main] Employee Added
2025-08-18 22:59:01,438 INFO p.EmployeePage [main] Before PIM menu
2025-08-18 22:59:05,060 INFO p.EmployeePage [main] After PIM menu
2025-08-18 22:59:08,314 INFO p.EmployeePage [main] Is displayed ?
2025-08-18 22:59:14,625 INFO p.EmployeePage [main] Search Click
2025-08-18 23:09:44,477 INFO p.LoginPage [main] Login actions Sucessfull
2025-08-18 23:09:49,649 INFO p.EmployeePage [main] Test
2025-08-18 23:09:50,798 INFO p.EmployeePage [main] Employee Added
2025-08-18 23:09:53,830 INFO p.EmployeePage [main] Before PIM menu
2025-08-18 23:09:57,128 INFO p.EmployeePage [main] After PIM menu
2025-08-18 23:10:00,428 INFO p.EmployeePage [main] Is displayed ?
2025-08-18 23:10:06,734 INFO p.EmployeePage [main] Search Click
2025-08-18 23:12:33,711 INFO p.LoginPage [main] Login actions Sucessfull
2025-08-18 23:12:38,978 INFO p.EmployeePage [main] Test
2025-08-18 23:12:40,270 INFO p.EmployeePage [main] Employee Added
2025-08-18 23:12:43,285 INFO p.EmployeePage [main] Before PIM menu
2025-08-18 23:12:46,534 INFO p.EmployeePage [main] After PIM menu
2025-08-18 23:12:49,817 INFO p.EmployeePage [main] Is displayed ?
2025-08-18 23:12:56,126 INFO p.EmployeePage [main] Search Click
2025-08-18 23:13:03,204 INFO p.EmployeePage [main] edit bottton clicked
2025-08-18 23:13:06,508 INFO p.EmployeePage [main] details filled
2025-08-19 10:42:34,792 INFO p.LoginPage [main] Login actions Sucessfull
2025-08-19 10:42:39,541 INFO p.EmployeePage [main] Test
2025-08-19 10:42:40,605 INFO p.EmployeePage [main] Employee Added
2025-08-19 10:42:43,627 INFO p.EmployeePage [main] Before PIM menu
2025-08-19 10:42:46,626 INFO p.EmployeePage [main] After PIM menu
2025-08-19 10:42:49,884 INFO p.EmployeePage [main] Is displayed ?
2025-08-19 10:42:56,125 INFO p.EmployeePage [main] Search Click
2025-08-19 10:43:02,972 INFO p.EmployeePage [main] edit bottton clicked
2025-08-19 10:43:06,328 INFO p.EmployeePage [main] details filled
2025-08-19 11:35:56,687 INFO p.LoginPage [main] Login actions Sucessfull
2025-08-19 11:36:03,172 INFO p.EmployeePage [main] Test
2025-08-19 11:36:04,359 INFO p.EmployeePage [main] Employee Added
2025-08-19 11:36:07,381 INFO p.EmployeePage [main] Before PIM menu
2025-08-19 11:36:11,482 INFO p.EmployeePage [main] After PIM menu
2025-08-19 11:36:14,725 INFO p.EmployeePage [main] Is displayed ?
2025-08-19 11:36:20,886 INFO p.EmployeePage [main] Search Click
2025-08-19 11:36:27,780 INFO p.EmployeePage [main] edit bottton clicked
2025-08-19 11:36:31,147 INFO p.EmployeePage [main] details filled
2025-08-19 11:37:55,441 INFO p.LoginPage [main] Login actions Sucessfull
2025-08-19 11:37:59,981 INFO p.EmployeePage [main] Test
2025-08-19 11:38:00,923 INFO p.EmployeePage [main] Employee Added
2025-08-19 11:38:03,935 INFO p.EmployeePage [main] Before PIM menu
2025-08-19 11:38:07,601 INFO p.EmployeePage [main] After PIM menu
2025-08-19 11:38:10,913 INFO p.EmployeePage [main] Is displayed ?
2025-08-19 11:38:17,222 INFO p.EmployeePage [main] Search Click
2025-08-19 11:38:24,087 INFO p.EmployeePage [main] edit bottton clicked
2025-08-19 11:38:27,503 INFO p.EmployeePage [main] details filled
2025-08-19 11:46:18,157 INFO p.LoginPage [main] Login actions Sucessfull
2025-08-19 11:46:23,326 INFO p.EmployeePage [main] Test
2025-08-19 11:46:24,400 INFO p.EmployeePage [main] Employee Added
2025-08-19 11:46:27,407 INFO p.EmployeePage [main] Before PIM menu
2025-08-19 11:46:30,983 INFO p.EmployeePage [main] After PIM menu
2025-08-19 11:46:34,264 INFO p.EmployeePage [main] Is displayed ?
2025-08-19 11:46:40,596 INFO p.EmployeePage [main] Search Click
2025-08-19 11:46:47,535 INFO p.EmployeePage [main] edit bottton clicked
2025-08-19 11:46:50,933 INFO p.EmployeePage [main] details filled
2025-08-19 11:52:55,147 INFO p.LoginPage [main] Login actions Sucessfull
2025-08-19 11:52:58,737 INFO p.EmployeePage [main] Test
2025-08-19 11:52:59,907 INFO p.EmployeePage [main] Employee Added
2025-08-19 11:53:02,923 INFO p.EmployeePage [main] Before PIM menu
2025-08-19 11:53:06,174 INFO p.EmployeePage [main] After PIM menu
2025-08-19 11:53:09,467 INFO p.EmployeePage [main] Is displayed ?
2025-08-19 11:53:15,789 INFO p.EmployeePage [main] Search Click
2025-08-19 11:53:22,665 INFO p.EmployeePage [main] edit bottton clicked
2025-08-19 15:13:22,060 INFO p.LoginPage [main] Login actions Sucessfull
2025-08-19 15:13:27,329 INFO p.EmployeePage [main] Test
2025-08-19 15:13:28,328 INFO p.EmployeePage [main] Employee Added
2025-08-19 15:13:31,347 INFO p.EmployeePage [main] Before PIM menu
2025-08-19 15:13:34,178 INFO p.EmployeePage [main] After PIM menu
2025-08-19 15:13:37,396 INFO p.EmployeePage [main] Is displayed ?
2025-08-19 15:13:43,555 INFO p.EmployeePage [main] Search Click
2025-08-19 15:13:50,155 INFO p.EmployeePage [main] edit bottton clicked
2025-08-19 15:13:53,469 INFO p.EmployeePage [main] details filled
2025-08-19 20:49:51,734 INFO p.LoginPage [main] Login actions Sucessfull
2025-08-19 20:49:57,238 INFO p.EmployeePage [main] Test
2025-08-19 20:49:58,311 INFO p.EmployeePage [main] Employee Added
2025-08-19 20:50:01,317 INFO p.EmployeePage [main] Before PIM menu
2025-08-19 20:50:06,440 INFO p.EmployeePage [main] After PIM menu
2025-08-19 20:50:09,602 INFO p.EmployeePage [main] Is displayed ?
2025-08-19 20:50:15,744 INFO p.EmployeePage [main] Search Click
2025-08-19 20:50:23,165 INFO p.EmployeePage [main] edit bottton clicked
2025-08-19 20:50:26,470 INFO p.EmployeePage [main] details filled
2025-08-19 20:59:41,574 INFO p.LoginPage [main] Login actions Sucessfull
2025-08-19 20:59:46,309 INFO p.EmployeePage [main] Test
2025-08-19 20:59:47,339 INFO p.EmployeePage [main] Employee Added
2025-08-19 20:59:50,343 INFO p.EmployeePage [main] Before PIM menu
2025-08-19 20:59:54,031 INFO p.EmployeePage [main] After PIM menu
2025-08-19 20:59:57,204 INFO p.EmployeePage [main] Is displayed ?
2025-08-19 21:00:03,356 INFO p.EmployeePage [main] Search Click
2025-08-19 21:00:10,021 INFO p.EmployeePage [main] edit bottton clicked
2025-08-19 21:00:13,365 INFO p.EmployeePage [main] details filled
2025-08-19 21:26:37,215 INFO p.LoginPage [main] Login actions Sucessfull
2025-08-19 21:26:44,636 INFO p.EmployeePage [main] Test
2025-08-19 21:26:45,657 INFO p.EmployeePage [main] Employee Added
2025-08-19 21:26:48,673 INFO p.EmployeePage [main] Before PIM menu
2025-08-19 21:26:52,061 INFO p.EmployeePage [main] After PIM menu
2025-08-19 21:26:55,223 INFO p.EmployeePage [main] Is displayed ?
2025-08-19 21:27:01,391 INFO p.EmployeePage [main] Search Click
2025-08-19 21:27:10,662 INFO p.EmployeePage [main] edit bottton clicked
2025-08-19 21:27:13,930 INFO p.EmployeePage [main] details filled
2025-08-19 21:27:14,578 INFO p.EmployeePage [main] Before PIM menu
2025-08-19 21:27:18,454 INFO p.EmployeePage [main] After PIM menu
2025-08-19 21:27:21,638 INFO p.EmployeePage [main] Is displayed ?
2025-08-19 21:27:27,759 INFO p.EmployeePage [main] Search Click
2025-08-19 21:27:27,761 INFO p.EmployeePage [main] Before PIM menu
2025-08-19 21:27:35,941 INFO p.EmployeePage [main] After PIM menu
2025-08-19 21:27:42,111 INFO p.EmployeePage [main] Search Click
2025-08-19 21:43:09,857 INFO p.LoginPage [main] Login actions Sucessfull
2025-08-19 21:43:15,388 INFO p.EmployeePage [main] Test
2025-08-19 21:43:16,548 INFO p.EmployeePage [main] Employee Added
2025-08-19 21:43:19,562 INFO p.EmployeePage [main] Before PIM menu
2025-08-19 21:43:22,836 INFO p.EmployeePage [main] After PIM menu
2025-08-19 21:43:26,048 INFO p.EmployeePage [main] Is displayed ?
2025-08-19 21:43:32,244 INFO p.EmployeePage [main] Search Click
2025-08-19 21:43:39,469 INFO p.EmployeePage [main] edit bottton clicked
2025-08-19 21:43:42,698 INFO p.EmployeePage [main] details filled
2025-08-19 21:43:43,239 INFO p.EmployeePage [main] Before PIM menu
2025-08-19 21:43:46,544 INFO p.EmployeePage [main] After PIM menu
2025-08-19 21:43:49,737 INFO p.EmployeePage [main] Is displayed ?
2025-08-19 21:43:55,913 INFO p.EmployeePage [main] Search Click
2025-08-19 21:43:55,914 INFO p.EmployeePage [main] Before PIM menu
2025-08-19 21:43:59,058 INFO p.EmployeePage [main] After PIM menu
2025-08-19 21:44:05,185 INFO p.EmployeePage [main] Search Click
2025-08-19 21:47:15,932 INFO p.LoginPage [main] Login actions Sucessfull
2025-08-19 21:47:20,242 INFO p.EmployeePage [main] Test
2025-08-19 21:47:21,679 INFO p.EmployeePage [main] Employee Added
2025-08-19 21:47:24,696 INFO p.EmployeePage [main] Before PIM menu
2025-08-19 21:47:27,770 INFO p.EmployeePage [main] After PIM menu
2025-08-19 21:47:30,963 INFO p.EmployeePage [main] Is displayed ?
2025-08-19 21:47:37,133 INFO p.EmployeePage [main] Search Click
2025-08-19 21:47:44,302 INFO p.EmployeePage [main] edit bottton clicked
2025-08-19 21:47:47,553 INFO p.EmployeePage [main] details filled
2025-08-19 21:47:48,155 INFO p.EmployeePage [main] Before PIM menu
2025-08-19 21:47:51,006 INFO p.EmployeePage [main] After PIM menu
2025-08-19 21:47:54,237 INFO p.EmployeePage [main] Is displayed ?
2025-08-19 22:01:06,211 INFO p.LoginPage [main] Login actions Sucessfull
2025-08-19 22:01:09,884 INFO p.EmployeePage [main] Test
2025-08-19 22:01:11,164 INFO p.EmployeePage [main] Employee Added
2025-08-19 22:01:14,180 INFO p.EmployeePage [main] Before PIM menu
2025-08-19 22:01:18,178 INFO p.EmployeePage [main] After PIM menu
2025-08-19 22:01:21,397 INFO p.EmployeePage [main] Is displayed ?
2025-08-19 22:01:27,569 INFO p.EmployeePage [main] Search Click
2025-08-19 22:01:34,897 INFO p.EmployeePage [main] edit bottton clicked
2025-08-19 22:01:38,149 INFO p.EmployeePage [main] details filled
2025-08-19 22:01:38,813 INFO p.EmployeePage [main] Before PIM menu
2025-08-19 22:01:41,532 INFO p.EmployeePage [main] After PIM menu
2025-08-19 22:01:44,712 INFO p.EmployeePage [main] Is displayed ?
2025-08-19 22:01:50,848 INFO p.EmployeePage [main] Search Click
2025-08-19 22:01:50,848 INFO p.EmployeePage [main] Before PIM menu
2025-08-19 22:01:53,917 INFO p.EmployeePage [main] After PIM menu
2025-08-19 22:02:00,659 INFO p.EmployeePage [main] Search Click
2025-08-19 22:02:00,783 INFO p.EmployeePage [main] click on button
2025-08-19 22:02:00,968 INFO p.EmployeePage [main] Employee deleted
2025-08-19 22:11:58,832 INFO p.LoginPage [main] Login actions Sucessfull
2025-08-19 22:12:03,931 INFO p.EmployeePage [main] Test
2025-08-19 22:12:05,898 INFO p.EmployeePage [main] Employee Added
2025-08-19 22:12:08,911 INFO p.EmployeePage [main] Before PIM menu
2025-08-19 22:12:12,315 INFO p.EmployeePage [main] After PIM menu
2025-08-19 22:12:15,529 INFO p.EmployeePage [main] Is displayed ?
2025-08-19 22:12:21,701 INFO p.EmployeePage [main] Search Click
2025-08-19 22:12:29,103 INFO p.EmployeePage [main] edit bottton clicked
2025-08-19 22:12:32,344 INFO p.EmployeePage [main] details filled
2025-08-19 22:12:32,906 INFO p.EmployeePage [main] Before PIM menu
2025-08-19 22:12:36,170 INFO p.EmployeePage [main] After PIM menu
2025-08-19 22:12:39,348 INFO p.EmployeePage [main] Is displayed ?
2025-08-19 22:12:45,481 INFO p.EmployeePage [main] Search Click
2025-08-19 22:12:45,482 INFO p.EmployeePage [main] Before PIM menu
2025-08-19 22:12:49,951 INFO p.EmployeePage [main] After PIM menu
2025-08-19 22:12:56,735 INFO p.EmployeePage [main] Search Click
2025-08-19 22:12:56,867 INFO p.EmployeePage [main] click on button
2025-08-19 22:12:57,050 INFO p.EmployeePage [main] Employee deleted
2025-08-19 22:14:09,167 INFO p.LoginPage [main] Login actions Sucessfull
2025-08-19 22:14:14,870 INFO p.EmployeePage [main] Test
2025-08-19 22:14:15,969 INFO p.EmployeePage [main] Employee Added
2025-08-19 22:14:18,975 INFO p.EmployeePage [main] Before PIM menu
2025-08-19 22:14:22,535 INFO p.EmployeePage [main] After PIM menu
2025-08-19 22:14:25,742 INFO p.EmployeePage [main] Is displayed ?
2025-08-19 22:14:31,919 INFO p.EmployeePage [main] Search Click
2025-08-19 22:14:39,303 INFO p.EmployeePage [main] edit bottton clicked
2025-08-19 22:14:42,534 INFO p.EmployeePage [main] details filled
2025-08-19 22:14:43,092 INFO p.EmployeePage [main] Before PIM menu
2025-08-19 22:14:45,716 INFO p.EmployeePage [main] After PIM menu
2025-08-19 22:14:52,568 INFO p.EmployeePage [main] Search Click
2025-08-19 22:14:52,695 INFO p.EmployeePage [main] click on button
2025-08-19 22:14:52,889 INFO p.EmployeePage [main] Employee deleted
2025-08-19 22:24:33,206 INFO p.LoginPage [main] Login actions Sucessfull
2025-08-19 22:24:37,929 INFO p.EmployeePage [main] Test
2025-08-19 22:24:39,202 INFO p.EmployeePage [main] Employee Added
2025-08-19 22:24:42,223 INFO p.EmployeePage [main] Before PIM menu
2025-08-19 22:24:45,381 INFO p.EmployeePage [main] After PIM menu
2025-08-19 22:24:48,594 INFO p.EmployeePage [main] Is displayed ?
2025-08-19 22:24:54,722 INFO p.EmployeePage [main] Search Click
2025-08-19 22:25:02,012 INFO p.EmployeePage [main] edit bottton clicked
2025-08-19 22:25:05,274 INFO p.EmployeePage [main] details filled
2025-08-19 22:30:01,959 INFO p.LoginPage [main] Login actions Sucessfull
2025-08-19 22:30:06,581 INFO p.EmployeePage [main] Test
2025-08-19 22:30:07,959 INFO p.EmployeePage [main] Employee Added
2025-08-19 22:30:10,969 INFO p.EmployeePage [main] Before PIM menu
2025-08-19 22:30:14,571 INFO p.EmployeePage [main] After PIM menu
2025-08-19 22:30:17,759 INFO p.EmployeePage [main] Is displayed ?
2025-08-19 22:30:23,945 INFO p.EmployeePage [main] Search Click
2025-08-19 22:30:31,134 INFO p.EmployeePage [main] edit bottton clicked
2025-08-19 22:30:34,365 INFO p.EmployeePage [main] details filled
2025-08-19 22:30:34,809 INFO p.EmployeePage [main] dropdown selected
2025-08-19 22:30:34,902 INFO p.EmployeePage [main] Random DOB (MM-YYYY): 02-1986
2025-08-19 22:39:09,666 INFO p.LoginPage [main] Login actions Sucessfull
2025-08-19 22:39:13,792 INFO p.EmployeePage [main] Test
2025-08-19 22:39:14,706 INFO p.EmployeePage [main] Employee Added
2025-08-19 22:39:17,724 INFO p.EmployeePage [main] Before PIM menu
2025-08-19 22:39:20,521 INFO p.EmployeePage [main] After PIM menu
2025-08-19 22:39:23,768 INFO p.EmployeePage [main] Is displayed ?
2025-08-19 22:39:30,020 INFO p.EmployeePage [main] Search Click
2025-08-19 22:39:37,259 INFO p.EmployeePage [main] edit bottton clicked
2025-08-19 22:39:40,538 INFO p.EmployeePage [main] details filled
2025-08-19 22:39:40,996 INFO p.EmployeePage [main] dropdown selected
2025-08-19 22:39:41,110 INFO p.EmployeePage [main] Random DOB: Day=26, Month=7, Year=1976
2025-08-19 22:47:17,773 INFO p.LoginPage [main] Login actions Sucessfull
2025-08-19 22:47:21,866 INFO p.EmployeePage [main] Test
2025-08-19 22:47:22,784 INFO p.EmployeePage [main] Employee Added
2025-08-19 22:47:25,798 INFO p.EmployeePage [main] Before PIM menu
2025-08-19 22:47:28,785 INFO p.EmployeePage [main] After PIM menu
2025-08-19 22:47:31,978 INFO p.EmployeePage [main] Is displayed ?
2025-08-19 22:47:38,120 INFO p.EmployeePage [main] Search Click
2025-08-19 22:47:45,195 INFO p.EmployeePage [main] edit bottton clicked
2025-08-19 22:47:48,540 INFO p.EmployeePage [main] details filled
2025-08-19 22:47:48,993 INFO p.EmployeePage [main] dropdown selected
2025-08-19 22:47:49,104 INFO p.EmployeePage [main] Random DOB: Day=28, Month=2, Year=1961
2025-08-19 23:04:08,591 INFO p.LoginPage [main] Login actions Sucessfull
2025-08-19 23:04:13,140 INFO p.EmployeePage [main] Test
2025-08-19 23:04:14,092 INFO p.EmployeePage [main] Employee Added
2025-08-19 23:04:17,098 INFO p.EmployeePage [main] Before PIM menu
2025-08-19 23:04:20,776 INFO p.EmployeePage [main] After PIM menu
2025-08-19 23:04:24,043 INFO p.EmployeePage [main] Is displayed ?
2025-08-19 23:04:30,355 INFO p.EmployeePage [main] Search Click
2025-08-19 23:04:37,662 INFO p.EmployeePage [main] edit bottton clicked
2025-08-19 23:04:41,046 INFO p.EmployeePage [main] details filled
2025-08-19 23:04:41,536 INFO p.EmployeePage [main] dropdown selected
2025-08-19 23:04:41,638 INFO p.EmployeePage [main] Random DOB: Day=28, Month=5, Year=1996
2025-08-19 23:08:39,743 INFO p.LoginPage [main] Login actions Sucessfull
2025-08-19 23:08:45,021 INFO p.EmployeePage [main] Test
2025-08-19 23:08:46,143 INFO p.EmployeePage [main] Employee Added
2025-08-19 23:08:49,157 INFO p.EmployeePage [main] Before PIM menu
2025-08-19 23:08:52,626 INFO p.EmployeePage [main] After PIM menu
2025-08-19 23:08:55,962 INFO p.EmployeePage [main] Is displayed ?
2025-08-19 23:09:02,244 INFO p.EmployeePage [main] Search Click
2025-08-19 23:09:09,478 INFO p.EmployeePage [main] edit bottton clicked
2025-08-19 23:09:12,724 INFO p.EmployeePage [main] details filled
2025-08-19 23:09:13,216 INFO p.EmployeePage [main] dropdown selected
2025-08-19 23:09:13,321 INFO p.EmployeePage [main] Random DOB: Day=9, Month=6, Year=1991
2025-08-19 23:09:15,004 INFO u.Selftest [main] Browser closed successfully.
2025-08-19 23:18:12,924 INFO p.LoginPage [main] Login actions Sucessfull
2025-08-19 23:18:17,317 INFO p.EmployeePage [main] Test
2025-08-19 23:18:18,688 INFO p.EmployeePage [main] Employee Added
2025-08-19 23:18:21,706 INFO p.EmployeePage [main] Before PIM menu
2025-08-19 23:18:24,995 INFO p.EmployeePage [main] After PIM menu
2025-08-19 23:18:28,202 INFO p.EmployeePage [main] Is displayed ?
2025-08-19 23:18:34,438 INFO p.EmployeePage [main] Search Click
2025-08-19 23:18:41,651 INFO p.EmployeePage [main] edit bottton clicked
2025-08-19 23:18:45,009 INFO p.EmployeePage [main] details filled
2025-08-19 23:18:45,463 INFO p.EmployeePage [main] dropdown selected
2025-08-19 23:18:45,471 INFO p.EmployeePage [main] Random DOB: Day=1, Month=9, Year=1972
2025-08-19 23:18:59,317 INFO u.Selftest [main] Browser closed successfully.
2025-08-19 23:21:20,533 INFO p.LoginPage [main] Login actions Sucessfull
2025-08-19 23:21:24,915 INFO p.EmployeePage [main] Test
2025-08-19 23:21:26,241 INFO p.EmployeePage [main] Employee Added
2025-08-19 23:21:29,253 INFO p.EmployeePage [main] Before PIM menu
2025-08-19 23:21:32,436 INFO p.EmployeePage [main] After PIM menu
2025-08-19 23:21:35,604 INFO p.EmployeePage [main] Is displayed ?
2025-08-19 23:21:41,789 INFO p.EmployeePage [main] Search Click
2025-08-19 23:21:48,934 INFO p.EmployeePage [main] edit bottton clicked
2025-08-19 23:21:52,237 INFO p.EmployeePage [main] details filled
2025-08-19 23:21:52,670 INFO p.EmployeePage [main] dropdown selected
2025-08-19 23:21:52,676 INFO p.EmployeePage [main] Random DOB: Day=25, Month=12, Year=2003
2025-08-19 23:22:16,712 INFO u.Selftest [main] Browser closed successfully.
